2024-07-29 13:22:52,364 - user_service_success - INFO - UserService initialized
2024-07-29 13:22:52,496 - user_service_success - INFO - Retrieved user with login nik1t7n
2024-07-29 13:22:54,922 - user_service_success - INFO - UserService initialized
2024-07-29 13:22:54,922 - user_service_success - INFO - UserService initialized
2024-07-29 13:22:54,931 - user_service_success - INFO - Retrieved user with id 243
2024-07-29 13:22:55,003 - user_service_success - INFO - Retrieved 188 users, total count: 188
2024-07-29 13:22:55,024 - user_service_success - INFO - UserService initialized
2024-07-29 13:22:55,024 - user_service_success - INFO - UserService initialized
2024-07-29 13:22:55,028 - user_service_success - INFO - Retrieved user with id 243
2024-07-29 13:22:55,030 - user_service_success - INFO - Retrieved 188 users, total count: 188
2024-07-29 13:23:00,436 - user_service_success - INFO - UserService initialized
2024-07-29 13:23:00,436 - user_service_success - INFO - UserService initialized
2024-07-29 13:23:00,436 - user_service_success - INFO - UserService initialized
2024-07-29 13:23:00,440 - user_service_success - INFO - Retrieved user with id 243
2024-07-29 13:23:00,538 - user_service_success - INFO - UserService initialized
2024-07-29 13:23:00,538 - user_service_success - INFO - UserService initialized
2024-07-29 13:23:00,538 - user_service_success - INFO - UserService initialized
2024-07-29 13:23:00,541 - user_service_success - INFO - Retrieved user with id 243
2024-07-29 13:23:11,637 - user_service_success - INFO - UserService initialized
2024-07-29 13:23:11,637 - user_service_success - INFO - UserService initialized
2024-07-29 13:23:11,641 - user_service_success - INFO - Retrieved user with id 243
2024-07-29 13:23:11,648 - user_service_success - INFO - Retrieved 188 users, total count: 188
2024-07-29 13:23:11,664 - user_service_success - INFO - UserService initialized
2024-07-29 13:23:11,664 - user_service_success - INFO - UserService initialized
2024-07-29 13:23:11,667 - user_service_success - INFO - Retrieved user with id 243
2024-07-29 13:23:11,670 - user_service_success - INFO - Retrieved 188 users, total count: 188
2024-07-29 13:23:22,988 - user_service_success - INFO - UserService initialized
2024-07-29 13:23:22,988 - user_service_success - INFO - UserService initialized
2024-07-29 13:23:22,988 - user_service_success - INFO - UserService initialized
2024-07-29 13:23:22,989 - user_service_success - INFO - UserService initialized
2024-07-29 13:23:22,994 - user_service_success - INFO - Retrieved user with id 243
2024-07-29 13:23:22,995 - user_service_success - INFO - Retrieved user with login m.erbol
2024-07-29 13:23:58,587 - user_service_success - INFO - UserService initialized
2024-07-29 13:23:58,588 - user_service_success - INFO - UserService initialized
2024-07-29 13:23:58,589 - user_service_success - INFO - UserService initialized
2024-07-29 13:23:58,627 - user_service_success - INFO - Retrieved user with id 243
2024-07-29 13:23:58,628 - user_service_success - INFO - Retrieved user with login m.erbol
2024-07-29 13:23:58,656 - user_service_success - INFO - Retrieved user with login m.erbol
2024-07-29 13:24:41,467 - user_service_success - INFO - UserService initialized
2024-07-29 13:24:41,468 - user_service_success - INFO - UserService initialized
2024-07-29 13:24:41,468 - user_service_success - INFO - UserService initialized
2024-07-29 13:24:41,483 - user_service_success - INFO - Retrieved user with id 243
2024-07-29 13:24:41,484 - user_service_success - INFO - Retrieved user with login m.erbol
2024-07-29 13:24:41,502 - user_service_success - INFO - Retrieved user with login m.erbol
2024-07-29 13:26:50,302 - user_service_success - INFO - UserService initialized
2024-07-29 13:26:50,302 - user_service_success - INFO - UserService initialized
2024-07-29 13:26:50,303 - user_service_success - INFO - UserService initialized
2024-07-29 13:26:50,449 - user_service_success - INFO - Retrieved user with id 243
2024-07-29 13:26:50,451 - user_service_success - INFO - Retrieved user with login m.erbol
2024-07-29 13:26:50,474 - user_service_success - INFO - Retrieved user with login m.erbol
2024-07-29 13:28:11,006 - user_service_success - INFO - UserService initialized
2024-07-29 13:28:11,007 - user_service_success - INFO - UserService initialized
2024-07-29 13:28:11,007 - user_service_success - INFO - UserService initialized
2024-07-29 13:28:11,065 - user_service_success - INFO - Retrieved user with id 243
2024-07-29 13:28:11,077 - user_service_success - INFO - Retrieved user with login m.erbol
2024-07-29 13:28:11,099 - user_service_success - INFO - Retrieved user with login m.erbol
2024-07-29 13:28:42,893 - user_service_success - INFO - UserService initialized
2024-07-29 13:28:42,894 - user_service_success - INFO - UserService initialized
2024-07-29 13:28:42,895 - user_service_success - INFO - UserService initialized
2024-07-29 13:28:43,189 - user_service_success - INFO - Retrieved user with id 243
2024-07-29 13:28:43,203 - user_service_success - INFO - Retrieved user with login m.erbol
2024-07-29 13:28:43,344 - user_service_success - INFO - Retrieved user with login m.erbol
2024-07-29 13:33:32,364 - user_service_success - INFO - UserService initialized
2024-07-29 13:33:32,365 - user_service_success - INFO - UserService initialized
2024-07-29 13:33:32,365 - user_service_success - INFO - UserService initialized
2024-07-29 13:33:32,582 - user_service_success - INFO - Retrieved user with id 243
2024-07-29 13:33:32,584 - user_service_success - INFO - Retrieved user with login m.erbol
2024-07-29 13:33:32,620 - user_service_success - INFO - Retrieved user with login m.erbol
2024-07-29 13:34:45,200 - user_service_success - INFO - UserService initialized
2024-07-29 13:34:45,200 - user_service_success - INFO - UserService initialized
2024-07-29 13:34:53,472 - user_service_success - INFO - UserService initialized
2024-07-29 13:34:53,620 - user_service_success - INFO - Retrieved user with login nik1t7n
2024-07-29 13:34:57,546 - user_service_success - INFO - UserService initialized
2024-07-29 13:34:57,546 - user_service_success - INFO - UserService initialized
2024-07-29 13:34:57,546 - user_service_success - INFO - UserService initialized
2024-07-29 13:34:57,553 - user_service_success - INFO - Retrieved user with id 243
2024-07-29 13:34:57,554 - user_service_success - INFO - Retrieved user with login m.erbol
2024-07-29 13:34:57,586 - user_service_success - INFO - Retrieved user with login m.erbol
2024-07-29 13:39:33,381 - user_service_success - INFO - UserService initialized
2024-07-29 13:39:33,384 - user_service_success - INFO - UserService initialized
2024-07-29 13:39:33,386 - user_service_success - INFO - UserService initialized
2024-07-29 13:39:33,499 - user_service_success - INFO - Retrieved user with id 243
2024-07-29 13:39:33,511 - user_service_success - INFO - Retrieved user with login m.erbol
2024-07-29 13:39:33,536 - user_service_success - INFO - Retrieved user with login m.erbol
2024-07-29 13:40:43,412 - user_service_success - INFO - UserService initialized
2024-07-29 13:40:43,413 - user_service_success - INFO - UserService initialized
2024-07-29 13:40:43,413 - user_service_success - INFO - UserService initialized
2024-07-29 13:40:43,553 - user_service_success - INFO - Retrieved user with id 243
2024-07-29 13:40:43,556 - user_service_success - INFO - Retrieved user with login m.erbol
2024-07-29 13:40:43,600 - user_service_success - INFO - Retrieved user with login m.erbol
2024-07-29 13:41:28,299 - user_service_success - INFO - UserService initialized
2024-07-29 13:41:28,299 - user_service_success - INFO - UserService initialized
2024-07-29 13:41:28,300 - user_service_success - INFO - UserService initialized
2024-07-29 13:41:28,364 - user_service_success - INFO - Retrieved user with id 243
2024-07-29 13:41:28,366 - user_service_success - INFO - Retrieved user with login m.erbol
2024-07-29 13:41:28,390 - user_service_success - INFO - Retrieved user with login m.erbol
2024-07-29 13:43:24,594 - user_service_success - INFO - UserService initialized
2024-07-29 13:43:24,594 - user_service_success - INFO - UserService initialized
2024-07-29 13:43:24,595 - user_service_success - INFO - UserService initialized
2024-07-29 13:43:24,663 - user_service_success - INFO - Retrieved user with id 243
2024-07-29 13:43:24,665 - user_service_success - INFO - Retrieved user with login m.erbol
2024-07-29 13:43:24,689 - user_service_success - INFO - Retrieved user with login m.erbol
2024-07-29 13:49:31,006 - user_service_success - INFO - UserService initialized
2024-07-29 13:49:31,006 - user_service_success - INFO - UserService initialized
2024-07-29 13:49:31,007 - user_service_success - INFO - UserService initialized
2024-07-29 13:49:31,122 - user_service_success - INFO - Retrieved user with id 243
2024-07-29 13:49:31,124 - user_service_success - INFO - Retrieved user with login m.erbol
2024-07-29 13:49:31,147 - user_service_success - INFO - Retrieved user with login m.erbol
2024-07-29 14:05:20,251 - user_service_success - INFO - UserService initialized
2024-07-29 14:05:27,492 - user_service_success - INFO - UserService initialized
2024-07-29 14:05:27,887 - user_service_success - INFO - Created new user with login nik1t7n
2024-07-29 14:05:56,836 - user_service_success - INFO - UserService initialized
2024-07-29 14:05:56,837 - user_service_success - INFO - UserService initialized
2024-07-29 14:05:56,868 - user_service_success - INFO - UserService initialized
2024-07-29 14:05:56,869 - user_service_success - INFO - UserService initialized
2024-07-29 14:06:05,683 - user_service_success - INFO - UserService initialized
2024-07-29 14:06:05,705 - user_service_success - INFO - Retrieved user with login nik1t7n
2024-07-29 14:06:59,838 - user_service_success - INFO - UserService initialized
2024-07-29 14:06:59,840 - user_service_success - INFO - UserService initialized
2024-07-29 14:06:59,882 - user_service_success - INFO - Retrieved user with id 236
2024-07-29 14:06:59,897 - user_service_success - INFO - Retrieved 186 users, total count: 186
2024-07-29 14:06:59,914 - user_service_success - INFO - UserService initialized
2024-07-29 14:06:59,914 - user_service_success - INFO - UserService initialized
2024-07-29 14:06:59,917 - user_service_success - INFO - Retrieved user with id 236
2024-07-29 14:06:59,922 - user_service_success - INFO - Retrieved 186 users, total count: 186
2024-07-29 14:07:09,215 - user_service_success - INFO - UserService initialized
2024-07-29 14:07:09,217 - user_service_success - INFO - UserService initialized
2024-07-29 14:07:09,219 - user_service_success - INFO - UserService initialized
2024-07-29 14:07:09,230 - user_service_success - INFO - Retrieved user with id 236
2024-07-29 14:07:09,232 - user_service_success - INFO - Retrieved user with login m.erbol
2024-07-29 14:07:09,256 - user_service_success - INFO - Retrieved user with login m.erbol
2024-07-29 14:12:41,576 - user_service_success - INFO - UserService initialized
2024-07-29 14:12:41,580 - user_service_success - INFO - UserService initialized
2024-07-29 14:12:41,581 - user_service_success - INFO - UserService initialized
2024-07-29 14:12:52,601 - user_service_success - INFO - UserService initialized
2024-07-29 14:12:52,638 - user_service_success - INFO - Retrieved user with login nik1t7n
2024-07-29 14:13:12,933 - user_service_success - INFO - UserService initialized
2024-07-29 14:13:12,934 - user_service_success - INFO - UserService initialized
2024-07-29 14:13:12,934 - user_service_success - INFO - UserService initialized
2024-07-29 14:13:12,934 - user_service_success - INFO - UserService initialized
2024-07-29 14:13:12,943 - user_service_success - INFO - Retrieved user with id 236
2024-07-29 14:13:12,944 - user_service_success - INFO - Retrieved user with login m.erbol
2024-07-29 14:14:00,587 - user_service_success - INFO - UserService initialized
2024-07-29 14:14:00,588 - user_service_success - INFO - UserService initialized
2024-07-29 14:14:00,589 - user_service_success - INFO - UserService initialized
2024-07-29 14:14:00,605 - user_service_success - INFO - Retrieved user with id 236
2024-07-29 14:14:00,607 - user_service_success - INFO - Retrieved user with login m.erbol
2024-07-29 14:14:00,625 - user_service_success - INFO - Retrieved user with login m.erbol
2024-07-29 14:15:52,303 - user_service_success - INFO - UserService initialized
2024-07-29 14:15:52,305 - user_service_success - INFO - UserService initialized
2024-07-29 14:15:52,306 - user_service_success - INFO - UserService initialized
2024-07-29 14:15:52,425 - user_service_success - INFO - Retrieved user with id 236
2024-07-29 14:15:52,427 - user_service_success - INFO - Retrieved user with login m.erbol
2024-07-29 14:15:52,454 - user_service_success - INFO - Retrieved user with login m.erbol
2024-07-29 14:45:58,135 - user_service_success - INFO - UserService initialized
2024-07-29 14:45:58,709 - user_service_success - INFO - Retrieved user with login nik1t7n
2024-07-29 14:50:29,636 - user_service_success - INFO - UserService initialized
2024-07-29 14:50:30,098 - user_service_success - INFO - Created new user with login nik1t7n_user
2024-07-29 14:50:43,398 - user_service_success - INFO - UserService initialized
2024-07-29 14:50:43,791 - user_service_success - INFO - Created new user with login nik1t7n_super
2024-07-29 14:51:18,038 - user_service_success - INFO - UserService initialized
2024-07-29 14:51:18,063 - user_service_success - INFO - Retrieved user with login nik1t7n_user
2024-07-29 14:51:19,652 - user_service_success - INFO - UserService initialized
2024-07-29 14:51:19,653 - user_service_success - INFO - UserService initialized
2024-07-29 14:51:19,665 - user_service_success - INFO - Retrieved user with id 237
2024-07-29 14:51:19,666 - user_service_success - INFO - Retrieved user with id 237
2024-07-29 14:51:19,668 - user_service_success - INFO - UserService initialized
2024-07-29 14:51:19,668 - user_service_success - INFO - UserService initialized
2024-07-29 14:51:19,672 - user_service_success - INFO - Retrieved user with id 237
2024-07-29 14:51:19,673 - user_service_success - INFO - Retrieved user with id 237
2024-07-29 14:51:19,678 - user_service_success - INFO - UserService initialized
2024-07-29 14:51:19,678 - user_service_success - INFO - UserService initialized
2024-07-29 14:51:19,679 - user_service_success - INFO - UserService initialized
2024-07-29 14:51:19,682 - user_service_success - INFO - Retrieved user with id 237
2024-07-29 14:51:19,683 - user_service_success - INFO - Retrieved user with login nik1t7n_user
2024-07-29 14:51:19,815 - user_service_success - INFO - UserService initialized
2024-07-29 14:51:19,815 - user_service_success - INFO - UserService initialized
2024-07-29 14:51:19,816 - user_service_success - INFO - UserService initialized
2024-07-29 14:51:19,818 - user_service_success - INFO - Retrieved user with id 237
2024-07-29 14:51:19,819 - user_service_success - INFO - Retrieved user with login nik1t7n_user
2024-07-29 14:51:35,543 - user_service_success - INFO - UserService initialized
2024-07-29 14:51:35,561 - user_service_success - INFO - Retrieved user with login nik1t7n
2024-07-29 14:51:37,016 - user_service_success - INFO - UserService initialized
2024-07-29 14:51:37,017 - user_service_success - INFO - UserService initialized
2024-07-29 14:51:37,066 - user_service_success - INFO - Retrieved user with id 236
2024-07-29 14:51:37,084 - user_service_success - INFO - Retrieved 188 users, total count: 188
2024-07-29 14:51:37,094 - user_service_success - INFO - UserService initialized
2024-07-29 14:51:37,095 - user_service_success - INFO - UserService initialized
2024-07-29 14:51:37,097 - user_service_success - INFO - Retrieved user with id 236
2024-07-29 14:51:37,101 - user_service_success - INFO - Retrieved 188 users, total count: 188
2024-07-29 14:51:44,359 - user_service_success - INFO - UserService initialized
2024-07-29 14:51:44,361 - user_service_success - INFO - UserService initialized
2024-07-29 14:51:44,372 - user_service_success - INFO - Retrieved user with id 236
2024-07-29 14:51:44,373 - user_service_success - INFO - Retrieved user with id 237
2024-07-29 14:51:44,377 - user_service_success - INFO - Refill for user 237: 10000
2024-07-29 14:51:59,072 - user_service_success - INFO - UserService initialized
2024-07-29 14:51:59,075 - user_service_success - INFO - UserService initialized
2024-07-29 14:51:59,097 - user_service_success - INFO - Retrieved user with id 236
2024-07-29 14:51:59,098 - user_service_success - INFO - Retrieved user with id 237
2024-07-29 14:51:59,098 - user_service_success - INFO - Refill for user 237: 10000
2024-07-29 14:51:59,117 - user_service_success - INFO - Updated user with id 237
2024-07-29 14:51:59,135 - user_service_success - INFO - UserService initialized
2024-07-29 14:51:59,135 - user_service_success - INFO - UserService initialized
2024-07-29 14:51:59,138 - user_service_success - INFO - Retrieved user with id 236
2024-07-29 14:51:59,143 - user_service_success - INFO - Retrieved 188 users, total count: 188
2024-07-29 14:52:13,834 - user_service_success - INFO - UserService initialized
2024-07-29 14:52:13,835 - user_service_success - INFO - UserService initialized
2024-07-29 14:52:13,864 - user_service_success - INFO - Retrieved user with id 236
2024-07-29 14:52:13,867 - user_service_success - INFO - Retrieved user with id 238
2024-07-29 14:52:13,868 - user_service_success - INFO - Refill for user 238: 1000
2024-07-29 14:52:13,879 - user_service_success - INFO - Updated user with id 238
2024-07-29 14:52:13,888 - user_service_success - INFO - UserService initialized
2024-07-29 14:52:13,889 - user_service_success - INFO - UserService initialized
2024-07-29 14:52:13,893 - user_service_success - INFO - Retrieved user with id 236
2024-07-29 14:52:13,901 - user_service_success - INFO - Retrieved 188 users, total count: 188
2024-07-29 14:52:51,745 - user_service_success - INFO - UserService initialized
2024-07-29 14:52:51,747 - user_service_success - INFO - UserService initialized
2024-07-29 14:52:51,763 - user_service_success - INFO - Retrieved user with id 236
2024-07-29 14:52:51,771 - user_service_success - INFO - Retrieved 188 users, total count: 188
2024-07-29 14:52:51,789 - user_service_success - INFO - UserService initialized
2024-07-29 14:52:51,789 - user_service_success - INFO - UserService initialized
2024-07-29 14:52:51,792 - user_service_success - INFO - Retrieved user with id 236
2024-07-29 14:52:51,796 - user_service_success - INFO - Retrieved 188 users, total count: 188
2024-07-29 14:53:12,709 - user_service_success - INFO - UserService initialized
2024-07-29 14:53:12,715 - user_service_success - INFO - Retrieved user with login nik1t7n_user
2024-07-29 14:53:23,628 - user_service_success - INFO - UserService initialized
2024-07-29 14:53:23,629 - user_service_success - INFO - UserService initialized
2024-07-29 14:53:23,630 - user_service_success - INFO - UserService initialized
2024-07-29 14:53:23,635 - user_service_success - INFO - Retrieved user with id 237
2024-07-29 14:53:25,896 - user_service_success - INFO - UserService initialized
2024-07-29 14:53:25,897 - user_service_success - INFO - UserService initialized
2024-07-29 14:53:25,898 - user_service_success - INFO - UserService initialized
2024-07-29 14:53:25,902 - user_service_success - INFO - Retrieved user with id 237
2024-07-29 14:53:26,030 - user_service_success - INFO - Retrieved user with id 237
2024-07-29 14:53:26,761 - user_service_success - INFO - UserService initialized
2024-07-29 14:53:26,762 - user_service_success - INFO - UserService initialized
2024-07-29 14:53:26,762 - user_service_success - INFO - UserService initialized
2024-07-29 14:53:26,768 - user_service_success - INFO - Retrieved user with id 237
2024-07-29 14:53:26,886 - user_service_success - INFO - Retrieved user with id 237
2024-07-29 14:53:27,533 - user_service_success - INFO - UserService initialized
2024-07-29 14:53:27,533 - user_service_success - INFO - UserService initialized
2024-07-29 14:53:27,533 - user_service_success - INFO - UserService initialized
2024-07-29 14:53:27,536 - user_service_success - INFO - Retrieved user with id 237
2024-07-29 14:53:27,635 - user_service_success - INFO - Retrieved user with id 237
2024-07-29 14:53:27,955 - user_service_success - INFO - UserService initialized
2024-07-29 14:53:27,956 - user_service_success - INFO - UserService initialized
2024-07-29 14:53:27,956 - user_service_success - INFO - UserService initialized
2024-07-29 14:53:27,963 - user_service_success - INFO - Retrieved user with id 237
2024-07-29 14:53:28,311 - user_service_success - INFO - UserService initialized
2024-07-29 14:53:28,312 - user_service_success - INFO - UserService initialized
2024-07-29 14:53:28,313 - user_service_success - INFO - UserService initialized
2024-07-29 14:53:28,317 - user_service_success - INFO - Retrieved user with id 237
2024-07-29 14:53:28,421 - user_service_success - INFO - Retrieved user with id 237
2024-07-29 14:53:28,673 - user_service_success - INFO - UserService initialized
2024-07-29 14:53:28,675 - user_service_success - INFO - UserService initialized
2024-07-29 14:53:28,675 - user_service_success - INFO - UserService initialized
2024-07-29 14:53:28,679 - user_service_success - INFO - Retrieved user with id 237
2024-07-29 14:53:29,031 - user_service_success - INFO - UserService initialized
2024-07-29 14:53:29,032 - user_service_success - INFO - UserService initialized
2024-07-29 14:53:29,032 - user_service_success - INFO - UserService initialized
2024-07-29 14:53:29,037 - user_service_success - INFO - Retrieved user with id 237
2024-07-29 14:53:29,142 - user_service_success - INFO - Retrieved user with id 237
2024-07-29 14:53:29,375 - user_service_success - INFO - UserService initialized
2024-07-29 14:53:29,375 - user_service_success - INFO - UserService initialized
2024-07-29 14:53:29,376 - user_service_success - INFO - UserService initialized
2024-07-29 14:53:29,380 - user_service_success - INFO - Retrieved user with id 237
2024-07-29 14:53:29,685 - user_service_success - INFO - UserService initialized
2024-07-29 14:53:29,686 - user_service_success - INFO - UserService initialized
2024-07-29 14:53:29,686 - user_service_success - INFO - UserService initialized
2024-07-29 14:53:29,690 - user_service_success - INFO - Retrieved user with id 237
2024-07-29 14:53:30,037 - user_service_success - INFO - UserService initialized
2024-07-29 14:53:30,039 - user_service_success - INFO - UserService initialized
2024-07-29 14:53:30,039 - user_service_success - INFO - UserService initialized
2024-07-29 14:53:30,045 - user_service_success - INFO - Retrieved user with id 237
2024-07-29 14:53:30,154 - user_service_success - INFO - Retrieved user with id 237
2024-07-29 14:53:30,376 - user_service_success - INFO - UserService initialized
2024-07-29 14:53:30,377 - user_service_success - INFO - UserService initialized
2024-07-29 14:53:30,377 - user_service_success - INFO - UserService initialized
2024-07-29 14:53:30,381 - user_service_success - INFO - Retrieved user with id 237
2024-07-29 14:53:32,763 - user_service_success - INFO - UserService initialized
2024-07-29 14:53:32,764 - user_service_success - INFO - UserService initialized
2024-07-29 14:53:32,768 - user_service_success - INFO - Retrieved user with id 237
2024-07-29 14:53:32,770 - user_service_success - INFO - Retrieved user with id 237
2024-07-29 14:53:32,775 - user_service_success - INFO - UserService initialized
2024-07-29 14:53:32,775 - user_service_success - INFO - UserService initialized
2024-07-29 14:53:32,779 - user_service_success - INFO - UserService initialized
2024-07-29 14:53:32,780 - user_service_success - INFO - Retrieved user with id 237
2024-07-29 14:53:32,780 - user_service_success - INFO - UserService initialized
2024-07-29 14:53:32,782 - user_service_success - INFO - Retrieved user with id 237
2024-07-29 14:53:32,783 - user_service_success - INFO - UserService initialized
2024-07-29 14:53:32,788 - user_service_success - INFO - Retrieved user with id 237
2024-07-29 14:53:32,789 - user_service_success - INFO - Retrieved user with login nik1t7n_user
2024-07-29 14:53:32,835 - user_service_success - INFO - UserService initialized
2024-07-29 14:53:32,836 - user_service_success - INFO - UserService initialized
2024-07-29 14:53:32,836 - user_service_success - INFO - UserService initialized
2024-07-29 14:53:32,840 - user_service_success - INFO - Retrieved user with id 237
2024-07-29 14:53:32,841 - user_service_success - INFO - Retrieved user with login nik1t7n_user
2024-07-29 14:53:38,523 - user_service_success - INFO - UserService initialized
2024-07-29 14:53:38,524 - user_service_success - INFO - UserService initialized
2024-07-29 14:53:38,524 - user_service_success - INFO - UserService initialized
2024-07-29 14:53:38,527 - user_service_success - INFO - Retrieved user with id 237
2024-07-29 14:53:38,528 - user_service_success - INFO - Retrieved user with login nik1t7n_user
2024-07-29 14:53:39,825 - user_service_success - INFO - UserService initialized
2024-07-29 14:53:39,825 - user_service_success - INFO - UserService initialized
2024-07-29 14:53:39,825 - user_service_success - INFO - UserService initialized
2024-07-29 14:53:39,830 - user_service_success - INFO - Retrieved user with id 237
2024-07-29 14:53:39,832 - user_service_success - INFO - Retrieved user with login nik1t7n_user
2024-07-29 14:53:41,046 - user_service_success - INFO - UserService initialized
2024-07-29 14:53:41,046 - user_service_success - INFO - UserService initialized
2024-07-29 14:53:41,047 - user_service_success - INFO - UserService initialized
2024-07-29 14:53:41,055 - user_service_success - INFO - Retrieved user with id 237
2024-07-29 14:53:41,056 - user_service_success - INFO - Retrieved user with login nik1t7n_user
2024-07-29 14:53:43,039 - user_service_success - INFO - UserService initialized
2024-07-29 14:53:43,041 - user_service_success - INFO - UserService initialized
2024-07-29 14:53:43,042 - user_service_success - INFO - UserService initialized
2024-07-29 14:53:43,045 - user_service_success - INFO - Retrieved user with id 237
2024-07-29 14:53:43,046 - user_service_success - INFO - Retrieved user with login nik1t7n_user
2024-07-29 14:53:54,654 - user_service_success - INFO - UserService initialized
2024-07-29 14:53:54,655 - user_service_success - INFO - UserService initialized
2024-07-29 14:53:54,656 - user_service_success - INFO - UserService initialized
2024-07-29 14:53:54,662 - user_service_success - INFO - Retrieved user with id 237
2024-07-29 14:53:54,774 - user_service_success - INFO - Retrieved user with id 237
2024-07-29 14:53:56,107 - user_service_success - INFO - UserService initialized
2024-07-29 14:53:56,108 - user_service_success - INFO - UserService initialized
2024-07-29 14:53:56,109 - user_service_success - INFO - UserService initialized
2024-07-29 14:53:56,113 - user_service_success - INFO - Retrieved user with id 237
2024-07-29 14:53:56,220 - user_service_success - INFO - Retrieved user with id 237
2024-07-29 14:53:57,643 - user_service_success - INFO - UserService initialized
2024-07-29 14:53:57,644 - user_service_success - INFO - UserService initialized
2024-07-29 14:53:57,644 - user_service_success - INFO - UserService initialized
2024-07-29 14:53:57,650 - user_service_success - INFO - Retrieved user with id 237
2024-07-29 14:53:57,768 - user_service_success - INFO - Retrieved user with id 237
2024-07-29 14:53:58,808 - user_service_success - INFO - UserService initialized
2024-07-29 14:53:58,809 - user_service_success - INFO - UserService initialized
2024-07-29 14:53:58,809 - user_service_success - INFO - UserService initialized
2024-07-29 14:53:58,814 - user_service_success - INFO - Retrieved user with id 237
2024-07-29 14:53:58,913 - user_service_success - INFO - Retrieved user with id 237
2024-07-29 14:53:59,992 - user_service_success - INFO - UserService initialized
2024-07-29 14:53:59,993 - user_service_success - INFO - UserService initialized
2024-07-29 14:53:59,993 - user_service_success - INFO - UserService initialized
2024-07-29 14:53:59,998 - user_service_success - INFO - Retrieved user with id 237
2024-07-29 14:54:00,100 - user_service_success - INFO - Retrieved user with id 237
2024-07-29 14:54:01,104 - user_service_success - INFO - UserService initialized
2024-07-29 14:54:01,105 - user_service_success - INFO - UserService initialized
2024-07-29 14:54:01,105 - user_service_success - INFO - UserService initialized
2024-07-29 14:54:01,111 - user_service_success - INFO - Retrieved user with id 237
2024-07-29 14:54:01,219 - user_service_success - INFO - Retrieved user with id 237
2024-07-29 14:54:02,210 - user_service_success - INFO - UserService initialized
2024-07-29 14:54:02,211 - user_service_success - INFO - UserService initialized
2024-07-29 14:54:02,211 - user_service_success - INFO - UserService initialized
2024-07-29 14:54:02,216 - user_service_success - INFO - Retrieved user with id 237
2024-07-29 14:54:02,319 - user_service_success - INFO - Retrieved user with id 237
2024-07-29 14:54:03,820 - user_service_success - INFO - UserService initialized
2024-07-29 14:54:03,820 - user_service_success - INFO - UserService initialized
2024-07-29 14:54:03,825 - user_service_success - INFO - Retrieved user with id 237
2024-07-29 14:54:03,827 - user_service_success - INFO - Retrieved user with id 237
2024-07-29 14:54:03,829 - user_service_success - INFO - UserService initialized
2024-07-29 14:54:03,830 - user_service_success - INFO - UserService initialized
2024-07-29 14:54:03,832 - user_service_success - INFO - Retrieved user with id 237
2024-07-29 14:54:03,834 - user_service_success - INFO - Retrieved user with id 237
2024-07-29 14:54:03,834 - user_service_success - INFO - UserService initialized
2024-07-29 14:54:03,834 - user_service_success - INFO - UserService initialized
2024-07-29 14:54:03,835 - user_service_success - INFO - UserService initialized
2024-07-29 14:54:03,838 - user_service_success - INFO - Retrieved user with id 237
2024-07-29 14:54:03,840 - user_service_success - INFO - Retrieved user with login nik1t7n_user
2024-07-29 14:54:03,861 - user_service_success - INFO - UserService initialized
2024-07-29 14:54:03,861 - user_service_success - INFO - UserService initialized
2024-07-29 14:54:03,861 - user_service_success - INFO - UserService initialized
2024-07-29 14:54:03,864 - user_service_success - INFO - Retrieved user with id 237
2024-07-29 14:54:03,864 - user_service_success - INFO - Retrieved user with login nik1t7n_user
2024-07-29 14:54:06,594 - user_service_success - INFO - UserService initialized
2024-07-29 14:54:06,594 - user_service_success - INFO - UserService initialized
2024-07-29 14:54:06,595 - user_service_success - INFO - UserService initialized
2024-07-29 14:54:06,602 - user_service_success - INFO - Retrieved user with id 237
2024-07-29 14:54:06,603 - user_service_success - INFO - Retrieved user with login nik1t7n_user
2024-07-29 14:54:07,856 - user_service_success - INFO - UserService initialized
2024-07-29 14:54:07,856 - user_service_success - INFO - UserService initialized
2024-07-29 14:54:07,857 - user_service_success - INFO - UserService initialized
2024-07-29 14:54:07,862 - user_service_success - INFO - Retrieved user with id 237
2024-07-29 14:54:07,864 - user_service_success - INFO - Retrieved user with login nik1t7n_user
2024-07-29 14:54:10,685 - user_service_success - INFO - UserService initialized
2024-07-29 14:54:10,685 - user_service_success - INFO - UserService initialized
2024-07-29 14:54:10,686 - user_service_success - INFO - UserService initialized
2024-07-29 14:54:10,691 - user_service_success - INFO - Retrieved user with id 237
2024-07-29 14:54:10,693 - user_service_success - INFO - Retrieved user with login nik1t7n_user
2024-07-29 14:54:11,850 - user_service_success - INFO - UserService initialized
2024-07-29 14:54:11,850 - user_service_success - INFO - UserService initialized
2024-07-29 14:54:11,851 - user_service_success - INFO - UserService initialized
2024-07-29 14:54:11,857 - user_service_success - INFO - Retrieved user with id 237
2024-07-29 14:54:11,858 - user_service_success - INFO - Retrieved user with login nik1t7n_user
2024-07-29 14:54:20,581 - user_service_success - INFO - UserService initialized
2024-07-29 14:54:24,020 - user_service_success - INFO - UserService initialized
2024-07-29 14:54:24,022 - user_service_success - INFO - Retrieved user with login nik1t7n_super
2024-07-29 14:54:27,453 - user_service_success - INFO - UserService initialized
2024-07-29 14:54:27,454 - user_service_success - INFO - UserService initialized
2024-07-29 14:54:27,496 - user_service_success - INFO - Retrieved user with id 238
2024-07-29 14:54:27,497 - user_service_success - INFO - Retrieved user with id 238
2024-07-29 14:54:27,500 - user_service_success - INFO - Retrieved 188 users, total count: 188
2024-07-29 14:54:27,512 - user_service_success - INFO - UserService initialized
2024-07-29 14:54:27,512 - user_service_success - INFO - UserService initialized
2024-07-29 14:54:27,514 - user_service_success - INFO - Retrieved user with id 238
2024-07-29 14:54:27,515 - user_service_success - INFO - Retrieved user with id 238
2024-07-29 14:54:27,517 - user_service_success - INFO - Retrieved 188 users, total count: 188
2024-07-29 14:54:30,745 - user_service_success - INFO - UserService initialized
2024-07-29 14:54:30,746 - user_service_success - INFO - UserService initialized
2024-07-29 14:54:30,751 - user_service_success - INFO - Retrieved user with id 238
2024-07-29 14:54:30,752 - user_service_success - INFO - Retrieved user with id 238
2024-07-29 14:54:30,759 - user_service_success - INFO - Retrieved 188 users, total count: 188
2024-07-29 14:54:30,777 - user_service_success - INFO - UserService initialized
2024-07-29 14:54:30,778 - user_service_success - INFO - UserService initialized
2024-07-29 14:54:30,792 - user_service_success - INFO - Retrieved user with id 238
2024-07-29 14:54:30,793 - user_service_success - INFO - Retrieved user with id 238
2024-07-29 14:54:30,796 - user_service_success - INFO - Retrieved 188 users, total count: 188
2024-07-29 14:54:38,346 - user_service_success - INFO - UserService initialized
2024-07-29 14:54:38,347 - user_service_success - INFO - UserService initialized
2024-07-29 14:54:38,347 - user_service_success - INFO - UserService initialized
2024-07-29 14:54:38,367 - user_service_success - INFO - Retrieved user with id 238
2024-07-29 14:54:38,400 - user_service_success - INFO - UserService initialized
2024-07-29 14:54:38,400 - user_service_success - INFO - UserService initialized
2024-07-29 14:54:38,401 - user_service_success - INFO - UserService initialized
2024-07-29 14:54:38,404 - user_service_success - INFO - Retrieved user with id 238
